01.10.2015 03:59:37  LOG INFO: Started
01.10.2015 04:00:19  LOG INFO: Stopped
01.10.2015 04:04:44  LOG INFO: Started
01.10.2015 04:14:54  LOG INFO: Stopped
01.10.2015 04:15:01  LOG INFO: Started
01.10.2015 04:15:06  LOG INFO: Stopped
01.10.2015 04:15:46  LOG INFO: Started
01.10.2015 04:17:44  LOG INFO: Stopped
01.10.2015 04:19:11  LOG INFO: Started
01.10.2015 04:19:16  LOG INFO: Stopped
01.10.2015 04:19:30  LOG INFO: Started
01.10.2015 04:32:43  LOG INFO: Stopped
01.10.2015 04:32:48  LOG INFO: Started
01.10.2015 05:00:22  LOG INFO: Stopped
02.10.2015 00:23:38  LOG INFO: Started
02.10.2015 00:27:22  LOG INFO: Stopped
02.10.2015 00:27:34  LOG INFO: Started
02.10.2015 01:38:36  LOG INFO: Stopped
04.10.2015 17:51:31  LOG INFO: Started
04.10.2015 17:51:32 SOCK ERRO: getaddinfo('news.eut2.online.scssoft.com','80') ver 0 type 1 proto 6 failed 0x00002af9
04.10.2015 17:51:32 HTTP ERRO: Unable to connect to 'http://news.eut2.online.scssoft.com/eut2/news/1.21.1s/en_gb?i=78DA95905B4BC3401085FFCA3C260F89B3D94B76DF4C9334062F146DD5A78AB44B0DB4096C630D76FADFDD5014C12767E0C0190EE78319B4820B786ADA75F7B10786302801C1C1BA7DD3B5DEC718129CA76E7BBB0DEE43C83B6783F96D088D8CB84CF11AF2D9022E81C702ABAB4FE242694424CDB8A4BBC7BAA833A8ECB4732B0BD5FC19A442209372F2F54CC78CC7D29F820499448D2AA4F5608899047D40239D97D1B1D079CA98C14865A68C182B65E4392C124248C9A5F04C3C1DF3C4D7085544A3FD25FE687C508D7A5ADE749BA6B7AB372887DED99D055EC0CC75B078982C8F9334D7599A79509A4F7F40C91F90C9FE012A5C7368DA0D7CFF614491B3EDEBFBB67FD9D1388356F40596A96AEC'
04.10.2015 17:51:32 LINK ERRO: Unable to connect.
04.10.2015 17:51:32 SOCK ERRO: getaddinfo('lscreens.eut2.online.scssoft.com','80') ver 0 type 1 proto 6 failed 0x00002af9
04.10.2015 17:51:32 HTTP ERRO: Unable to connect to 'http://lscreens.eut2.online.scssoft.com/eut2/lscr/data'
04.10.2015 17:51:32 LINK ERRO: Unable to connect.
04.10.2015 17:51:48 SOCK ERRO: getaddinfo('news.eut2.online.scssoft.com','80') ver 0 type 1 proto 6 failed 0x00002af9
04.10.2015 17:51:48 HTTP ERRO: Unable to connect to 'http://news.eut2.online.scssoft.com/eut2/news/1.21.1s/en_gb?i=78DA95905B4BC3401085FFCA3C260F89B3D94B76DF4C9334062F146DD5A78AB44B0DB4096C630D76FADFDD5014C12767E0C0190EE78319B4820B786ADA75F7B10786302801C1C1BA7DD3B5DEC718129CA76E7BBB0DEE43C83B6783F96D088D8CB84CF11AF2D9022E81C702ABAB4FE242694424CDB8A4BBC7BAA833A8ECB4732B0BD5FC19A442209372F2F54CC78CC7D29F820499448D2AA4F5608899047D40239D97D1B1D079CA98C14865A68C182B65E4392C124248C9A5F04C3C1DF3C4D7085544A3FD25FE687C508D7A5ADE749BA6B7AB372887DED99D055EC0CC75B078982C8F9334D7599A79509A4F7F40C91F90C9FE012A5C7368DA0D7CFF614491B3EDEBFBB67FD9D1388356F40596A96AEC'
04.10.2015 17:51:48 LINK ERRO: Unable to connect.
04.10.2015 19:07:53  LOG INFO: Stopped
04.10.2015 23:50:54  LOG INFO: Started
05.10.2015 00:53:19  LOG INFO: Stopped
